<?xml version="1.0" encoding="UTF-8"?>
<!-- Generated by org.testng.reporters.JUnitReportReporter -->
<testsuite skipped="0" hostname="MacBook-Pro" name="Celmatix.ToDoApp.ToDoMvcTest" tests="12" failures="0" timestamp="26 May 2018 14:37:12 GMT" time="5.343" errors="0">
  <testcase name="R3_enterTextAndVerify" time="0.425" classname="Celmatix.ToDoApp.ToDoMvcTest"/>
  <testcase name="VerifyCodeInjectionExploit" time="0.824" classname="Celmatix.ToDoApp.ToDoMvcTest"/>
  <testcase name="VerifyCodeInjectionExploit" time="0.544" classname="Celmatix.ToDoApp.ToDoMvcTest"/>
  <testcase name="R6_verifyItemCountAfterTaskComplete" time="0.037" classname="Celmatix.ToDoApp.ToDoMvcTest"/>
  <testcase name="VerifyCodeInjectionExploit" time="0.643" classname="Celmatix.ToDoApp.ToDoMvcTest"/>
  <testcase name="VerifyCodeInjectionExploit" time="0.587" classname="Celmatix.ToDoApp.ToDoMvcTest"/>
  <testcase name="R7_ClearCompletedAndVerifyList" time="0.278" classname="Celmatix.ToDoApp.ToDoMvcTest"/>
  <testcase name="R1_enterTextAndVerify" time="0.634" classname="Celmatix.ToDoApp.ToDoMvcTest"/>
  <testcase name="R2_enterTextAndVerify" time="0.290" classname="Celmatix.ToDoApp.ToDoMvcTest"/>
  <testcase name="R5_MarkItemCompleted" time="0.112" classname="Celmatix.ToDoApp.ToDoMvcTest"/>
  <testcase name="R4_countToDoItems" time="0.048" classname="Celmatix.ToDoApp.ToDoMvcTest"/>
  <testcase name="VerifyCodeInjectionExploit" time="0.921" classname="Celmatix.ToDoApp.ToDoMvcTest"/>
</testsuite> <!-- Celmatix.ToDoApp.ToDoMvcTest -->
